[     372ms] [INFO] %cDownload the React DevTools for a better development experience: https://reactjs.org/link/react-devtools font-weight:bold @ http://localhost:5174/node_modules/.vite/deps/chunk-WERSD76P.js?v=3e4d3e72:21550
[     440ms] [WARNING] ⚠️ React Router Future Flag Warning: React Router will begin wrapping state updates in `React.startTransition` in v7. You can use the `v7_startTransition` future flag to opt-in early. For more information, see https://reactrouter.com/v6/upgrading/future#v7_starttransition. @ http://localhost:5174/node_modules/.vite/deps/react-router-dom.js?v=3e4d3e72:4435
[     440ms] [WARNING] ⚠️ React Router Future Flag Warning: Relative route resolution within Splat routes is changing in v7. You can use the `v7_relativeSplatPath` future flag to opt-in early. For more information, see https://reactrouter.com/v6/upgrading/future#v7_relativesplatpath. @ http://localhost:5174/node_modules/.vite/deps/react-router-dom.js?v=3e4d3e72:4435
[     450ms] [ERROR] Access to XMLHttpRequest at 'http://localhost:3000/api/v1/tracks?page=1&limit=50&sort=uploadedAt&order=desc' from origin 'http://localhost:5174' has been blocked by CORS policy: The 'Access-Control-Allow-Origin' header has a value 'http://localhost:5173' that is not equal to the supplied origin. @ http://localhost:5174/:0
[     450ms] [ERROR] Failed to load resource: net::ERR_FAILED @ http://localhost:3000/api/v1/tracks?page=1&limit=50&sort=uploadedAt&order=desc:0
[     452ms] [ERROR] Access to XMLHttpRequest at 'http://localhost:3000/api/v1/playlists?' from origin 'http://localhost:5174' has been blocked by CORS policy: The 'Access-Control-Allow-Origin' header has a value 'http://localhost:5173' that is not equal to the supplied origin. @ http://localhost:5174/:0
[     452ms] [ERROR] Failed to load resource: net::ERR_FAILED @ http://localhost:3000/api/v1/playlists?:0
[     452ms] [ERROR] Access to XMLHttpRequest at 'http://localhost:3000/api/v1/playlists?' from origin 'http://localhost:5174' has been blocked by CORS policy: The 'Access-Control-Allow-Origin' header has a value 'http://localhost:5173' that is not equal to the supplied origin. @ http://localhost:5174/:0
[     452ms] [ERROR] Failed to load resource: net::ERR_FAILED @ http://localhost:3000/api/v1/playlists?:0
[     455ms] [ERROR] Access to XMLHttpRequest at 'http://localhost:3000/api/v1/tracks?page=1&limit=50&sort=uploadedAt&order=desc' from origin 'http://localhost:5174' has been blocked by CORS policy: The 'Access-Control-Allow-Origin' header has a value 'http://localhost:5173' that is not equal to the supplied origin. @ http://localhost:5174/:0
[     455ms] [ERROR] Failed to load resource: net::ERR_FAILED @ http://localhost:3000/api/v1/tracks?page=1&limit=50&sort=uploadedAt&order=desc:0
[    1458ms] [ERROR] Access to XMLHttpRequest at 'http://localhost:3000/api/v1/tracks?page=1&limit=50&sort=uploadedAt&order=desc' from origin 'http://localhost:5174' has been blocked by CORS policy: The 'Access-Control-Allow-Origin' header has a value 'http://localhost:5173' that is not equal to the supplied origin. @ http://localhost:5174/:0
[    1458ms] [ERROR] Failed to load resource: net::ERR_FAILED @ http://localhost:3000/api/v1/tracks?page=1&limit=50&sort=uploadedAt&order=desc:0
[    1459ms] [ERROR] Access to XMLHttpRequest at 'http://localhost:3000/api/v1/playlists?' from origin 'http://localhost:5174' has been blocked by CORS policy: The 'Access-Control-Allow-Origin' header has a value 'http://localhost:5173' that is not equal to the supplied origin. @ http://localhost:5174/:0
[    1459ms] [ERROR] Failed to load resource: net::ERR_FAILED @ http://localhost:3000/api/v1/playlists?:0
[    1460ms] [ERROR] Access to XMLHttpRequest at 'http://localhost:3000/api/v1/tracks?page=1&limit=50&sort=uploadedAt&order=desc' from origin 'http://localhost:5174' has been blocked by CORS policy: The 'Access-Control-Allow-Origin' header has a value 'http://localhost:5173' that is not equal to the supplied origin. @ http://localhost:5174/:0
[    1460ms] [ERROR] Failed to load resource: net::ERR_FAILED @ http://localhost:3000/api/v1/tracks?page=1&limit=50&sort=uploadedAt&order=desc:0
[    1461ms] [ERROR] Access to XMLHttpRequest at 'http://localhost:3000/api/v1/playlists?' from origin 'http://localhost:5174' has been blocked by CORS policy: The 'Access-Control-Allow-Origin' header has a value 'http://localhost:5173' that is not equal to the supplied origin. @ http://localhost:5174/:0
[    1461ms] [ERROR] Failed to load resource: net::ERR_FAILED @ http://localhost:3000/api/v1/playlists?:0
[    3473ms] [ERROR] Access to XMLHttpRequest at 'http://localhost:3000/api/v1/tracks?page=1&limit=50&sort=uploadedAt&order=desc' from origin 'http://localhost:5174' has been blocked by CORS policy: The 'Access-Control-Allow-Origin' header has a value 'http://localhost:5173' that is not equal to the supplied origin. @ http://localhost:5174/:0
[    3473ms] [ERROR] Failed to load resource: net::ERR_FAILED @ http://localhost:3000/api/v1/tracks?page=1&limit=50&sort=uploadedAt&order=desc:0
[    3474ms] [ERROR] Access to XMLHttpRequest at 'http://localhost:3000/api/v1/playlists?' from origin 'http://localhost:5174' has been blocked by CORS policy: The 'Access-Control-Allow-Origin' header has a value 'http://localhost:5173' that is not equal to the supplied origin. @ http://localhost:5174/:0
[    3474ms] [ERROR] Failed to load resource: net::ERR_FAILED @ http://localhost:3000/api/v1/playlists?:0
[    3475ms] [ERROR] Access to XMLHttpRequest at 'http://localhost:3000/api/v1/tracks?page=1&limit=50&sort=uploadedAt&order=desc' from origin 'http://localhost:5174' has been blocked by CORS policy: The 'Access-Control-Allow-Origin' header has a value 'http://localhost:5173' that is not equal to the supplied origin. @ http://localhost:5174/:0
[    3475ms] [ERROR] Failed to load resource: net::ERR_FAILED @ http://localhost:3000/api/v1/tracks?page=1&limit=50&sort=uploadedAt&order=desc:0
[    3475ms] [ERROR] Access to XMLHttpRequest at 'http://localhost:3000/api/v1/playlists?' from origin 'http://localhost:5174' has been blocked by CORS policy: The 'Access-Control-Allow-Origin' header has a value 'http://localhost:5173' that is not equal to the supplied origin. @ http://localhost:5174/:0
[    3475ms] [ERROR] Failed to load resource: net::ERR_FAILED @ http://localhost:3000/api/v1/playlists?:0
[    6485ms] [ERROR] Access to XMLHttpRequest at 'http://localhost:3000/api/v1/tracks?page=1&limit=50&sort=uploadedAt&order=desc' from origin 'http://localhost:5174' has been blocked by CORS policy: The 'Access-Control-Allow-Origin' header has a value 'http://localhost:5173' that is not equal to the supplied origin. @ http://localhost:5174/:0
[    6485ms] [ERROR] API Error: NETWORK_ERROR 网络连接失败 @ http://localhost:5174/src/services/api/client.ts:127
[    6485ms] [ERROR] API Error: UNKNOWN_ERROR 发生未知错误 @ http://localhost:5174/src/services/api/client.ts:127
[    6485ms] [ERROR] API Error: UNKNOWN_ERROR 发生未知错误 @ http://localhost:5174/src/services/api/client.ts:127
[    6485ms] [ERROR] API Error: UNKNOWN_ERROR 发生未知错误 @ http://localhost:5174/src/services/api/client.ts:127
[    6486ms] [ERROR] Failed to load resource: net::ERR_FAILED @ http://localhost:3000/api/v1/tracks?page=1&limit=50&sort=uploadedAt&order=desc:0
[    6488ms] [ERROR] Access to XMLHttpRequest at 'http://localhost:3000/api/v1/playlists?' from origin 'http://localhost:5174' has been blocked by CORS policy: The 'Access-Control-Allow-Origin' header has a value 'http://localhost:5173' that is not equal to the supplied origin. @ http://localhost:5174/:0
[    6488ms] [ERROR] API Error: NETWORK_ERROR 网络连接失败 @ http://localhost:5174/src/services/api/client.ts:127
[    6488ms] [ERROR] API Error: UNKNOWN_ERROR 发生未知错误 @ http://localhost:5174/src/services/api/client.ts:127
[    6488ms] [ERROR] API Error: UNKNOWN_ERROR 发生未知错误 @ http://localhost:5174/src/services/api/client.ts:127
[    6488ms] [ERROR] API Error: UNKNOWN_ERROR 发生未知错误 @ http://localhost:5174/src/services/api/client.ts:127
[    6488ms] [ERROR] Failed to load resource: net::ERR_FAILED @ http://localhost:3000/api/v1/playlists?:0
[    6488ms] [ERROR] Access to XMLHttpRequest at 'http://localhost:3000/api/v1/tracks?page=1&limit=50&sort=uploadedAt&order=desc' from origin 'http://localhost:5174' has been blocked by CORS policy: The 'Access-Control-Allow-Origin' header has a value 'http://localhost:5173' that is not equal to the supplied origin. @ http://localhost:5174/:0
[    6488ms] [ERROR] API Error: NETWORK_ERROR 网络连接失败 @ http://localhost:5174/src/services/api/client.ts:127
[    6488ms] [ERROR] API Error: UNKNOWN_ERROR 发生未知错误 @ http://localhost:5174/src/services/api/client.ts:127
[    6488ms] [ERROR] API Error: UNKNOWN_ERROR 发生未知错误 @ http://localhost:5174/src/services/api/client.ts:127
[    6488ms] [ERROR] API Error: UNKNOWN_ERROR 发生未知错误 @ http://localhost:5174/src/services/api/client.ts:127
[    6488ms] [ERROR] Failed to load resource: net::ERR_FAILED @ http://localhost:3000/api/v1/tracks?page=1&limit=50&sort=uploadedAt&order=desc:0
[    6488ms] [ERROR] Access to XMLHttpRequest at 'http://localhost:3000/api/v1/playlists?' from origin 'http://localhost:5174' has been blocked by CORS policy: The 'Access-Control-Allow-Origin' header has a value 'http://localhost:5173' that is not equal to the supplied origin. @ http://localhost:5174/:0
[    6488ms] [ERROR] API Error: NETWORK_ERROR 网络连接失败 @ http://localhost:5174/src/services/api/client.ts:127
[    6488ms] [ERROR] API Error: UNKNOWN_ERROR 发生未知错误 @ http://localhost:5174/src/services/api/client.ts:127
[    6488ms] [ERROR] API Error: UNKNOWN_ERROR 发生未知错误 @ http://localhost:5174/src/services/api/client.ts:127
[    6488ms] [ERROR] API Error: UNKNOWN_ERROR 发生未知错误 @ http://localhost:5174/src/services/api/client.ts:127
[    6488ms] [ERROR] Failed to load resource: net::ERR_FAILED @ http://localhost:3000/api/v1/playlists?:0
