[    1009ms] [INFO] %cDownload the React DevTools for a better development experience: https://reactjs.org/link/react-devtools font-weight:bold @ http://localhost:5175/node_modules/.vite/deps/chunk-WERSD76P.js?v=3e4d3e72:21550
[    1079ms] [WARNING] ⚠️ React Router Future Flag Warning: React Router will begin wrapping state updates in `React.startTransition` in v7. You can use the `v7_startTransition` future flag to opt-in early. For more information, see https://reactrouter.com/v6/upgrading/future#v7_starttransition. @ http://localhost:5175/node_modules/.vite/deps/react-router-dom.js?v=3e4d3e72:4435
[    1079ms] [WARNING] ⚠️ React Router Future Flag Warning: Relative route resolution within Splat routes is changing in v7. You can use the `v7_relativeSplatPath` future flag to opt-in early. For more information, see https://reactrouter.com/v6/upgrading/future#v7_relativesplatpath. @ http://localhost:5175/node_modules/.vite/deps/react-router-dom.js?v=3e4d3e72:4435
[    1086ms] [ERROR] Access to XMLHttpRequest at 'http://localhost:3000/api/v1/tracks?page=1&limit=50&sort=uploadedAt&order=desc' from origin 'http://localhost:5175' has been blocked by CORS policy: The 'Access-Control-Allow-Origin' header has a value 'http://localhost:5173' that is not equal to the supplied origin. @ http://localhost:5175/:0
[    1087ms] [ERROR] Failed to load resource: net::ERR_FAILED @ http://localhost:3000/api/v1/tracks?page=1&limit=50&sort=uploadedAt&order=desc:0
[    1096ms] [ERROR] Access to XMLHttpRequest at 'http://localhost:3000/api/v1/playlists?' from origin 'http://localhost:5175' has been blocked by CORS policy: The 'Access-Control-Allow-Origin' header has a value 'http://localhost:5173' that is not equal to the supplied origin. @ http://localhost:5175/:0
[    1096ms] [ERROR] Failed to load resource: net::ERR_FAILED @ http://localhost:3000/api/v1/playlists?:0
[    1098ms] [ERROR] Access to XMLHttpRequest at 'http://localhost:3000/api/v1/tracks?page=1&limit=50&sort=uploadedAt&order=desc' from origin 'http://localhost:5175' has been blocked by CORS policy: The 'Access-Control-Allow-Origin' header has a value 'http://localhost:5173' that is not equal to the supplied origin. @ http://localhost:5175/:0
[    1098ms] [ERROR] Failed to load resource: net::ERR_FAILED @ http://localhost:3000/api/v1/tracks?page=1&limit=50&sort=uploadedAt&order=desc:0
[    1098ms] [ERROR] Access to XMLHttpRequest at 'http://localhost:3000/api/v1/playlists?' from origin 'http://localhost:5175' has been blocked by CORS policy: The 'Access-Control-Allow-Origin' header has a value 'http://localhost:5173' that is not equal to the supplied origin. @ http://localhost:5175/:0
[    1098ms] [ERROR] Failed to load resource: net::ERR_FAILED @ http://localhost:3000/api/v1/playlists?:0
[    2096ms] [ERROR] Access to XMLHttpRequest at 'http://localhost:3000/api/v1/tracks?page=1&limit=50&sort=uploadedAt&order=desc' from origin 'http://localhost:5175' has been blocked by CORS policy: The 'Access-Control-Allow-Origin' header has a value 'http://localhost:5173' that is not equal to the supplied origin. @ http://localhost:5175/:0
[    2097ms] [ERROR] Failed to load resource: net::ERR_FAILED @ http://localhost:3000/api/v1/tracks?page=1&limit=50&sort=uploadedAt&order=desc:0
[    2098ms] [ERROR] Access to XMLHttpRequest at 'http://localhost:3000/api/v1/playlists?' from origin 'http://localhost:5175' has been blocked by CORS policy: The 'Access-Control-Allow-Origin' header has a value 'http://localhost:5173' that is not equal to the supplied origin. @ http://localhost:5175/:0
[    2098ms] [ERROR] Failed to load resource: net::ERR_FAILED @ http://localhost:3000/api/v1/playlists?:0
[    2101ms] [ERROR] Access to XMLHttpRequest at 'http://localhost:3000/api/v1/tracks?page=1&limit=50&sort=uploadedAt&order=desc' from origin 'http://localhost:5175' has been blocked by CORS policy: The 'Access-Control-Allow-Origin' header has a value 'http://localhost:5173' that is not equal to the supplied origin. @ http://localhost:5175/:0
[    2101ms] [ERROR] Failed to load resource: net::ERR_FAILED @ http://localhost:3000/api/v1/tracks?page=1&limit=50&sort=uploadedAt&order=desc:0
[    2101ms] [ERROR] Access to XMLHttpRequest at 'http://localhost:3000/api/v1/playlists?' from origin 'http://localhost:5175' has been blocked by CORS policy: The 'Access-Control-Allow-Origin' header has a value 'http://localhost:5173' that is not equal to the supplied origin. @ http://localhost:5175/:0
[    2101ms] [ERROR] Failed to load resource: net::ERR_FAILED @ http://localhost:3000/api/v1/playlists?:0
[    4106ms] [ERROR] Access to XMLHttpRequest at 'http://localhost:3000/api/v1/tracks?page=1&limit=50&sort=uploadedAt&order=desc' from origin 'http://localhost:5175' has been blocked by CORS policy: The 'Access-Control-Allow-Origin' header has a value 'http://localhost:5173' that is not equal to the supplied origin. @ http://localhost:5175/:0
[    4106ms] [ERROR] Failed to load resource: net::ERR_FAILED @ http://localhost:3000/api/v1/tracks?page=1&limit=50&sort=uploadedAt&order=desc:0
[    4106ms] [ERROR] Access to XMLHttpRequest at 'http://localhost:3000/api/v1/playlists?' from origin 'http://localhost:5175' has been blocked by CORS policy: The 'Access-Control-Allow-Origin' header has a value 'http://localhost:5173' that is not equal to the supplied origin. @ http://localhost:5175/:0
[    4107ms] [ERROR] Failed to load resource: net::ERR_FAILED @ http://localhost:3000/api/v1/playlists?:0
[    4108ms] [ERROR] Access to XMLHttpRequest at 'http://localhost:3000/api/v1/tracks?page=1&limit=50&sort=uploadedAt&order=desc' from origin 'http://localhost:5175' has been blocked by CORS policy: The 'Access-Control-Allow-Origin' header has a value 'http://localhost:5173' that is not equal to the supplied origin. @ http://localhost:5175/:0
[    4108ms] [ERROR] Failed to load resource: net::ERR_FAILED @ http://localhost:3000/api/v1/tracks?page=1&limit=50&sort=uploadedAt&order=desc:0
[    4108ms] [ERROR] Access to XMLHttpRequest at 'http://localhost:3000/api/v1/playlists?' from origin 'http://localhost:5175' has been blocked by CORS policy: The 'Access-Control-Allow-Origin' header has a value 'http://localhost:5173' that is not equal to the supplied origin. @ http://localhost:5175/:0
[    4108ms] [ERROR] Failed to load resource: net::ERR_FAILED @ http://localhost:3000/api/v1/playlists?:0
[    7119ms] [ERROR] Access to XMLHttpRequest at 'http://localhost:3000/api/v1/tracks?page=1&limit=50&sort=uploadedAt&order=desc' from origin 'http://localhost:5175' has been blocked by CORS policy: The 'Access-Control-Allow-Origin' header has a value 'http://localhost:5173' that is not equal to the supplied origin. @ http://localhost:5175/:0
[    7119ms] [ERROR] API Error: NETWORK_ERROR 网络连接失败 @ http://localhost:5175/src/services/api/client.ts:127
[    7119ms] [ERROR] API Error: UNKNOWN_ERROR 发生未知错误 @ http://localhost:5175/src/services/api/client.ts:127
[    7119ms] [ERROR] API Error: UNKNOWN_ERROR 发生未知错误 @ http://localhost:5175/src/services/api/client.ts:127
[    7119ms] [ERROR] API Error: UNKNOWN_ERROR 发生未知错误 @ http://localhost:5175/src/services/api/client.ts:127
[    7120ms] [ERROR] Failed to load resource: net::ERR_FAILED @ http://localhost:3000/api/v1/tracks?page=1&limit=50&sort=uploadedAt&order=desc:0
[    7120ms] [ERROR] Access to XMLHttpRequest at 'http://localhost:3000/api/v1/playlists?' from origin 'http://localhost:5175' has been blocked by CORS policy: The 'Access-Control-Allow-Origin' header has a value 'http://localhost:5173' that is not equal to the supplied origin. @ http://localhost:5175/:0
[    7120ms] [ERROR] API Error: NETWORK_ERROR 网络连接失败 @ http://localhost:5175/src/services/api/client.ts:127
[    7120ms] [ERROR] API Error: UNKNOWN_ERROR 发生未知错误 @ http://localhost:5175/src/services/api/client.ts:127
[    7120ms] [ERROR] API Error: UNKNOWN_ERROR 发生未知错误 @ http://localhost:5175/src/services/api/client.ts:127
[    7120ms] [ERROR] API Error: UNKNOWN_ERROR 发生未知错误 @ http://localhost:5175/src/services/api/client.ts:127
[    7120ms] [ERROR] Failed to load resource: net::ERR_FAILED @ http://localhost:3000/api/v1/playlists?:0
[    7122ms] [ERROR] Access to XMLHttpRequest at 'http://localhost:3000/api/v1/playlists?' from origin 'http://localhost:5175' has been blocked by CORS policy: The 'Access-Control-Allow-Origin' header has a value 'http://localhost:5173' that is not equal to the supplied origin. @ http://localhost:5175/:0
[    7122ms] [ERROR] API Error: NETWORK_ERROR 网络连接失败 @ http://localhost:5175/src/services/api/client.ts:127
[    7122ms] [ERROR] API Error: UNKNOWN_ERROR 发生未知错误 @ http://localhost:5175/src/services/api/client.ts:127
[    7122ms] [ERROR] API Error: UNKNOWN_ERROR 发生未知错误 @ http://localhost:5175/src/services/api/client.ts:127
[    7122ms] [ERROR] API Error: UNKNOWN_ERROR 发生未知错误 @ http://localhost:5175/src/services/api/client.ts:127
[    7122ms] [ERROR] Failed to load resource: net::ERR_FAILED @ http://localhost:3000/api/v1/playlists?:0
[    7122ms] [ERROR] Access to XMLHttpRequest at 'http://localhost:3000/api/v1/tracks?page=1&limit=50&sort=uploadedAt&order=desc' from origin 'http://localhost:5175' has been blocked by CORS policy: The 'Access-Control-Allow-Origin' header has a value 'http://localhost:5173' that is not equal to the supplied origin. @ http://localhost:5175/:0
[    7122ms] [ERROR] API Error: NETWORK_ERROR 网络连接失败 @ http://localhost:5175/src/services/api/client.ts:127
[    7122ms] [ERROR] API Error: UNKNOWN_ERROR 发生未知错误 @ http://localhost:5175/src/services/api/client.ts:127
[    7122ms] [ERROR] API Error: UNKNOWN_ERROR 发生未知错误 @ http://localhost:5175/src/services/api/client.ts:127
[    7122ms] [ERROR] API Error: UNKNOWN_ERROR 发生未知错误 @ http://localhost:5175/src/services/api/client.ts:127
[    7122ms] [ERROR] Failed to load resource: net::ERR_FAILED @ http://localhost:3000/api/v1/tracks?page=1&limit=50&sort=uploadedAt&order=desc:0
